Added Component: Designator=C1(C0805)
Added Component: Designator=C2(C0805)
Added Component: Designator=D1(RED_LED_0805)
Added Component: Designator=H1(HDR1X7)
Added Component: Designator=H2(HDR1X7)
Added Component: Designator=R1(R0805)
Added Component: Designator=R2(R0805)
Added Component: Designator=R3(R0805)
Added Component: Designator=S1(SWITCH_B3U-1000P)
Added Component: Designator=U1(BGA16x4)
Added Pin To Net: NetName=GND Pin=C1-1
Added Pin To Net: NetName=GND Pin=C2-1
Added Pin To Net: NetName=GND Pin=D1-2
Added Pin To Net: NetName=GND Pin=H2-3
Added Pin To Net: NetName=GND Pin=H2-7
Added Pin To Net: NetName=GND Pin=R2-2
Added Pin To Net: NetName=GND Pin=S1-2
Added Pin To Net: NetName=GND Pin=U1-B1
Added Pin To Net: NetName=GND Pin=U1-D3
Added Net: Name=GND
Added Pin To Net: NetName=NetD1_1 Pin=D1-1
Added Pin To Net: NetName=NetD1_1 Pin=R3-2
Added Net: Name=NetD1_1
Added Pin To Net: NetName=PIO0_8 Pin=H1-2
Added Pin To Net: NetName=PIO0_8 Pin=R3-1
Added Pin To Net: NetName=PIO0_8 Pin=U1-A2
Added Net: Name=PIO0_8
Added Pin To Net: NetName=PIO0_9 Pin=H1-3
Added Pin To Net: NetName=PIO0_9 Pin=S1-1
Added Pin To Net: NetName=PIO0_9 Pin=U1-A3
Added Net: Name=PIO0_9
Added Pin To Net: NetName=PIO0_10/SWCLK Pin=H2-5
Added Pin To Net: NetName=PIO0_10/SWCLK Pin=R2-1
Added Pin To Net: NetName=PIO0_10/SWCLK Pin=U1-A4
Added Net: Name=PIO0_10/SWCLK
Added Pin To Net: NetName=PIO0_11/AD0 Pin=H1-4
Added Pin To Net: NetName=PIO0_11/AD0 Pin=U1-B4
Added Net: Name=PIO0_11/AD0
Added Pin To Net: NetName=PIO1_0/AD1 Pin=H1-5
Added Pin To Net: NetName=PIO1_0/AD1 Pin=U1-B3
Added Net: Name=PIO1_0/AD1
Added Pin To Net: NetName=PIO1_1/AD2 Pin=H1-6
Added Pin To Net: NetName=PIO1_1/AD2 Pin=U1-C4
Added Net: Name=PIO1_1/AD2
Added Pin To Net: NetName=PIO1_2/AD3 Pin=H1-7
Added Pin To Net: NetName=PIO1_2/AD3 Pin=U1-C3
Added Net: Name=PIO1_2/AD3
Added Pin To Net: NetName=PIO1_3/SDWIO Pin=H2-4
Added Pin To Net: NetName=PIO1_3/SDWIO Pin=R1-2
Added Pin To Net: NetName=PIO1_3/SDWIO Pin=U1-D4
Added Net: Name=PIO1_3/SDWIO
Added Pin To Net: NetName=PIO1_6/RXD Pin=H2-2
Added Pin To Net: NetName=PIO1_6/RXD Pin=U1-C2
Added Net: Name=PIO1_6/RXD
Added Pin To Net: NetName=PIO1_7/TXD Pin=H2-1
Added Pin To Net: NetName=PIO1_7/TXD Pin=U1-D1
Added Net: Name=PIO1_7/TXD
Added Pin To Net: NetName=RESET_N Pin=H2-6
Added Pin To Net: NetName=RESET_N Pin=U1-C1
Added Net: Name=RESET_N
Added Pin To Net: NetName=VDD Pin=C1-2
Added Pin To Net: NetName=VDD Pin=C2-2
Added Pin To Net: NetName=VDD Pin=H1-1
Added Pin To Net: NetName=VDD Pin=R1-1
Added Pin To Net: NetName=VDD Pin=U1-A1
Added Pin To Net: NetName=VDD Pin=U1-D2
Added Net: Name=VDD
Added Pin To Net: NetName=XTALIN Pin=U1-B2
Added Net: Name=XTALIN
Added Class: Name=YoctoBob_LPC1102
Added Room: Name=YoctoBob_LPC1102
